2023-02-12 23:57 > Error al modificar > <class 'EOFError'> > ()
2022-12-03 11:11 > Error al modificar > <class 'NameError'> > ("name 'color' is not defined",)
2022-12-03 10:52 > Error al modificar > <class 'UnicodeDecodeError'> > ('utf-8', b'\xff', 0, 1, 'invalid start byte')
2022-12-03 09:07 > Error al modificar > <class 'UnicodeDecodeError'> > ('utf-8', b'\xff', 0, 1, 'invalid start byte')
2022-12-03 09:02 > Error al modificar > <class 'EHL.handler_logger.CapturadorExcepciones'> > ('Debe ingresar un número de registro válido',)
2022-12-03 09:01 > Debe ingresar un número de registro válido > None > ()
2022-12-02 10:49 > Error al modificar > <class 'EHL.handler_logger.CapturadorExcepciones'> > ('Debe ingresar un número de registro válido',)
2022-12-02 10:49 > Debe ingresar un número de registro válido > None > ()
2022-11-30 12:02 > Error al dar el alta a la venta > <class 'ValueError'> > ("Unknown format code 'f' for object of type 'str'",)
2022-11-30 12:00 > Error al dar el alta a la venta > <class 'UnicodeDecodeError'> > ('utf-8', b'\xff', 0, 1, 'invalid start byte')
2022-11-30 11:44 > Error al dar el alta a la venta > <class 'TypeError'> > ("unsupported operand type(s) for /: 'str' and 'int'",)
2022-11-30 11:42 > Error al dar el alta a la venta > <class 'TypeError'> > ("expected string or bytes-like object, got 'float'",)
2022-11-30 11:37 > Error al dar el alta a la venta > <class 'TypeError'> > ("expected string or bytes-like object, got 'int'",)
2022-11-30 11:35 > Error al dar el alta a la venta > <class 'decimal.InvalidOperation'> > ([<class 'decimal.ConversionSyntax'>],)
2022-11-30 11:34 > Error al dar el alta a la venta > <class 'TypeError'> > ("expected string or bytes-like object, got 'int'",)
2022-11-30 10:56 > Error al dar el alta a la venta > <class 'decimal.InvalidOperation'> > ([<class 'decimal.ConversionSyntax'>],)
2022-11-30 09:18 > Error al modificar la venta > <class 'ValueError'> > ("Unknown format code 'f' for object of type 'str'",)
2022-11-30 09:09 > Error al modificar la venta > <class 'TypeError'> > ("expected string or bytes-like object, got 'decimal.Decimal'",)
2022-11-30 08:58 > Error al modificar la venta > <class 'EHL.handler_logger.CapturadorExcepciones'> > ('Debe ingresar un número de registro válido',)
2022-11-30 08:58 > Debe ingresar un número de registro válido > None > ()
2022-11-30 08:35 > Error al generar el listado > <class 'EHL.handler_logger.CapturadorExcepciones'> > ('Archivo no encontrado',)
2022-11-30 08:35 > Archivo no encontrado > <class 'FileNotFoundError'> > (2, 'No such file or directory')
2022-11-30 08:29 > Error al generar el listado > ('utf-8', b'\xff', 0, 1, 'invalid start byte')
2022-11-30 08:28 > Archivo no encontrado > (2, 'No such file or directory')
2022-11-30 08:26 > Error al generar el listado > ('Archivo no encontrado',)
2022-11-30 08:25 > Archivo no encontrado > (2, 'No such file or directory')
2022-11-30 08:24 > Error al generar el listado > ('Archivo no encontrado',)
2022-11-30 08:24 > Archivo no encontrado > (2, 'No such file or directory')
2022-11-30 00:52 > Error al generar el listado > ('Error: Archivo no encontrado',)
2022-11-30 00:51 > Error: Archivo no encontrado > (2, 'No such file or directory')
2022-11-30 00:51 > Error al generar el listado > ('Error: Archivo no encontrado',)
2022-11-30 00:51 > Error: Archivo no encontrado > (2, 'No such file or directory')
2022-11-30 00:34 > Error al generar el listado > ('NO SE ENCONTRÓ EL ARCHIVO',)
2022-11-30 00:34 > NO SE ENCONTRÓ EL ARCHIVO > (2, 'No such file or directory')
2022-11-30 00:27 > NO SE ENCONTRÓ EL ARCHIVO > ()
2022-11-30 00:27 > NO SE ENCONTRÓ EL ARCHIVO > (2, 'No such file or directory')
